<?xml version="1.0" encoding="UTF-8"?>
<testng-results ignored="0" total="1" passed="1" failed="0" skipped="0">
  <reporter-output>
  </reporter-output>
  <suite started-at="2024-05-01T09:03:52 BST" name="Default suite" finished-at="2024-05-01T09:03:54 BST" duration-ms="2674">
    <groups>
    </groups>
    <test started-at="2024-05-01T09:03:52 BST" name="Default test" finished-at="2024-05-01T09:03:54 BST" duration-ms="2674">
      <class name="bitsapi.CreateUserTest">
        <test-method signature="createUser()[pri:0, instance:bitsapi.CreateUserTest@26425897]" started-at="2024-05-01T09:03:52 BST" name="createUser" finished-at="2024-05-01T09:03:54 BST" duration-ms="2652" status="PASS">
          <reporter-output>
          </reporter-output>
        </test-method> <!-- createUser -->
      </class> <!-- bitsapi.CreateUserTest -->
    </test> <!-- Default test -->
  </suite> <!-- Default suite -->
</testng-results>
